<?xml version="1.0" encoding="UTF-8"?>
<testsuite xmlns:xsi="http://www.w3.org/2001/XMLSchema-instance" xsi:noNamespaceSchemaLocation="https://maven.apache.org/surefire/maven-surefire-plugin/xsd/surefire-test-report-3.0.xsd" version="3.0" name="com.DINESH.ServiceConnector.ServiceConnectorApplicationTests" time="16.886" tests="1" errors="0" skipped="0" failures="0">
  <properties>
[...]
</properties>
  <testcase name="contextLoads" classname="com.DINESH.ServiceConnector.ServiceConnectorApplicationTests" time="1.698">
    <system-out><![CDATA[17:17:30,826 |-INFO in ch.qos.logback.classic.LoggerContext[default] - This is logback-classic version 1.5.6
17:17:30,830 |-INFO in ch.qos.logback.classic.util.ContextInitializer@4b213651 - Here is a list of configurators discovered as a service, by rank: 
17:17:30,830 |-INFO in ch.qos.logback.classic.util.ContextInitializer@4b213651 -   org.springframework.boot.logging.logback.RootLogLevelConfigurator
17:17:30,830 |-INFO in ch.qos.logback.classic.util.ContextInitializer@4b213651 - They will be invoked in order until ExecutionStatus.DO_NOT_INVOKE_NEXT_IF_ANY is returned.
17:17:30,830 |-INFO in ch.qos.logback.classic.util.ContextInitializer@4b213651 - Constructed configurator of type class org.springframework.boot.logging.logback.RootLogLevelConfigurator
17:17:30,841 |-INFO in ch.qos.logback.classic.util.ContextInitializer@4b213651 - org.springframework.boot.logging.logback.RootLogLevelConfigurator.configure() call lasted 0 milliseconds. ExecutionStatus=INVOKE_NEXT_IF_ANY
17:17:30,841 |-INFO in ch.qos.logback.classic.util.ContextInitializer@4b213651 - Trying to configure with ch.qos.logback.classic.joran.SerializedModelConfigurator
17:17:30,842 |-INFO in ch.qos.logback.classic.util.ContextInitializer@4b213651 - Constructed configurator of type class ch.qos.logback.classic.joran.SerializedModelConfigurator
17:17:30,848 |-INFO in ch.qos.logback.classic.LoggerContext[default] - Could NOT find resource [logback-test.scmo]
17:17:30,849 |-INFO in ch.qos.logback.classic.LoggerContext[default] - Could NOT find resource [logback.scmo]
17:17:30,849 |-INFO in ch.qos.logback.classic.util.ContextInitializer@4b213651 - ch.qos.logback.classic.joran.SerializedModelConfigurator.configure() call lasted 7 milliseconds. ExecutionStatus=INVOKE_NEXT_IF_ANY
17:17:30,849 |-INFO in ch.qos.logback.classic.util.ContextInitializer@4b213651 - Trying to configure with ch.qos.logback.classic.util.DefaultJoranConfigurator
17:17:30,850 |-INFO in ch.qos.logback.classic.util.ContextInitializer@4b213651 - Constructed configurator of type class ch.qos.logback.classic.util.DefaultJoranConfigurator
17:17:30,851 |-INFO in ch.qos.logback.classic.LoggerContext[default] - Could NOT find resource [logback-test.xml]
17:17:30,857 |-INFO in ch.qos.logback.classic.LoggerContext[default] - Found resource [logback.xml] at [file:/C:/Users/intern2/Documents/DINESH-DEMO-WORKSHOP/Devlopment/MICROSERVICE/Service-Connector/target/classes/logback.xml]
17:17:31,056 |-WARN in ch.qos.logback.core.model.processor.IncludeModelHandler - Could not find resource corresponding to [org/springframework/boot/logging/logback/default.xml]
17:17:31,058 |-INFO in ch.qos.logback.core.joran.util.ConfigurationWatchListUtil@4241e0f4 - Adding [jar:file:/C:/Users/intern2/.m2/repository/org/springframework/boot/spring-boot/3.3.2/spring-boot-3.3.2.jar!/org/springframework/boot/logging/logback/console-appender.xml] to configuration watch list.
17:17:31,058 |-INFO in ch.qos.logback.core.joran.spi.ConfigurationWatchList@4ebff610 - URL [jar:file:/C:/Users/intern2/.m2/repository/org/springframework/boot/spring-boot/3.3.2/spring-boot-3.3.2.jar!/org/springframework/boot/logging/logback/console-appender.xml] is not of type file
17:17:31,064 |-INFO in ch.qos.logback.core.model.processor.AppenderModelHandler - Processing appender named [CONSOLE]
17:17:31,065 |-INFO in ch.qos.logback.core.model.processor.AppenderModelHandler - About to instantiate appender of type [ch.qos.logback.core.ConsoleAppender]
17:17:31,105 |-INFO in ch.qos.logback.core.model.processor.ImplicitModelHandler - Assuming default type [ch.qos.logback.classic.encoder.PatternLayoutEncoder] for [encoder] property
17:17:31,177 |-INFO in ch.qos.logback.core.model.processor.AppenderModelHandler - Processing appender named [FILE]
17:17:31,177 |-INFO in ch.qos.logback.core.model.processor.AppenderModelHandler - About to instantiate appender of type [ch.qos.logback.core.rolling.RollingFileAppender]
17:17:31,183 |-INFO in ch.qos.logback.core.model.processor.ImplicitModelHandler - Assuming default type [ch.qos.logback.classic.encoder.PatternLayoutEncoder] for [encoder] property
17:17:31,188 |-WARN in ch.qos.logback.core.model.processor.ImplicitModelHandler - Ignoring unknown property [minInde] in [ch.qos.logback.core.rolling.FixedWindowRollingPolicy]
17:17:31,195 |-INFO in ch.qos.logback.core.rolling.FixedWindowRollingPolicy@60410cd - No compression will be used
17:17:31,195 |-WARN in ch.qos.logback.core.rolling.FixedWindowRollingPolicy@60410cd - Large window sizes are not allowed.
17:17:31,199 |-WARN in ch.qos.logback.core.rolling.FixedWindowRollingPolicy@60410cd - MaxIndex reduced to 21
17:17:31,208 |-INFO in ch.qos.logback.core.rolling.RollingFileAppender[FILE] - Active log file name: APPLICATIONLOGGES/LOGFILE.log
17:17:31,208 |-INFO in ch.qos.logback.core.rolling.RollingFileAppender[FILE] - File property is set to [APPLICATIONLOGGES/LOGFILE.log]
17:17:31,211 |-INFO in ch.qos.logback.classic.model.processor.RootLoggerModelHandler - Setting level of ROOT logger to INFO
17:17:31,211 |-INFO in ch.qos.logback.core.model.processor.AppenderRefModelHandler - Attaching appender named [CONSOLE] to Logger[ROOT]
17:17:31,212 |-INFO in ch.qos.logback.core.model.processor.AppenderRefModelHandler - Attaching appender named [FILE] to Logger[ROOT]
17:17:31,215 |-INFO in ch.qos.logback.classic.model.processor.LoggerModelHandler - Setting level of logger [com.DINESH.ServiceConnector] to DEBUG
17:17:31,215 |-INFO in ch.qos.logback.core.model.processor.DefaultProcessor@44d52de2 - End of configuration.
17:17:31,217 |-INFO in ch.qos.logback.classic.joran.JoranConfigurator@95e33cc - Registering current configuration as safe fallback point
17:17:31,217 |-INFO in ch.qos.logback.classic.util.ContextInitializer@4b213651 - ch.qos.logback.classic.util.DefaultJoranConfigurator.configure() call lasted 367 milliseconds. ExecutionStatus=DO_NOT_INVOKE_NEXT_IF_ANY

2024-09-09 17:17:31.438 INFO  main o.s.t.c.s.AnnotationConfigContextLoaderUtils : Could not detect default configuration classes for test class [com.DINESH.ServiceConnector.ServiceConnectorApplicationTests]: ServiceConnectorApplicationTests does not declare any static, non-private, non-final, nested classes annotated with @Configuration.
2024-09-09 17:17:31.774 INFO  main o.s.b.t.c.SpringBootTestContextBootstrapper : Found @SpringBootConfiguration com.DINESH.ServiceConnector.ServiceConnectorApplication for test class com.DINESH.ServiceConnector.ServiceConnectorApplicationTests
17:17:35,840 |-WARN in ch.qos.logback.core.model.processor.IncludeModelHandler - Could not find resource corresponding to [org/springframework/boot/logging/logback/default.xml]
17:17:35,840 |-INFO in ch.qos.logback.core.joran.util.ConfigurationWatchListUtil@4241e0f4 - Adding [jar:file:/C:/Users/intern2/.m2/repository/org/springframework/boot/spring-boot/3.3.2/spring-boot-3.3.2.jar!/org/springframework/boot/logging/logback/console-appender.xml] to configuration watch list.
17:17:35,840 |-INFO in ch.qos.logback.core.joran.spi.ConfigurationWatchList@32f96bba - URL [jar:file:/C:/Users/intern2/.m2/repository/org/springframework/boot/spring-boot/3.3.2/spring-boot-3.3.2.jar!/org/springframework/boot/logging/logback/console-appender.xml] is not of type file
17:17:35,843 |-INFO in ch.qos.logback.core.model.processor.AppenderModelHandler - Processing appender named [CONSOLE]
17:17:35,843 |-INFO in ch.qos.logback.core.model.processor.AppenderModelHandler - About to instantiate appender of type [ch.qos.logback.core.ConsoleAppender]
17:17:35,844 |-INFO in ch.qos.logback.core.model.processor.ImplicitModelHandler - Assuming default type [ch.qos.logback.classic.encoder.PatternLayoutEncoder] for [encoder] property
17:17:35,845 |-INFO in ch.qos.logback.core.model.processor.AppenderModelHandler - Processing appender named [FILE]
17:17:35,845 |-INFO in ch.qos.logback.core.model.processor.AppenderModelHandler - About to instantiate appender of type [ch.qos.logback.core.rolling.RollingFileAppender]
17:17:35,845 |-INFO in ch.qos.logback.core.model.processor.ImplicitModelHandler - Assuming default type [ch.qos.logback.classic.encoder.PatternLayoutEncoder] for [encoder] property
17:17:35,846 |-WARN in ch.qos.logback.core.model.processor.ImplicitModelHandler - Ignoring unknown property [minInde] in [ch.qos.logback.core.rolling.FixedWindowRollingPolicy]
17:17:35,847 |-INFO in ch.qos.logback.core.rolling.FixedWindowRollingPolicy@611640f0 - No compression will be used
17:17:35,847 |-WARN in ch.qos.logback.core.rolling.FixedWindowRollingPolicy@611640f0 - Large window sizes are not allowed.
17:17:35,847 |-WARN in ch.qos.logback.core.rolling.FixedWindowRollingPolicy@611640f0 - MaxIndex reduced to 21
17:17:35,847 |-INFO in ch.qos.logback.core.rolling.RollingFileAppender[FILE] - Active log file name: APPLICATIONLOGGES/LOGFILE.log
17:17:35,847 |-INFO in ch.qos.logback.core.rolling.RollingFileAppender[FILE] - File property is set to [APPLICATIONLOGGES/LOGFILE.log]
17:17:35,848 |-INFO in ch.qos.logback.classic.model.processor.RootLoggerModelHandler - Setting level of ROOT logger to INFO
17:17:35,848 |-INFO in ch.qos.logback.classic.jul.LevelChangePropagator@67e25252 - Propagating INFO level on Logger[ROOT] onto the JUL framework
17:17:35,849 |-INFO in ch.qos.logback.core.model.processor.AppenderRefModelHandler - Attaching appender named [CONSOLE] to Logger[ROOT]
17:17:35,849 |-INFO in ch.qos.logback.core.model.processor.AppenderRefModelHandler - Attaching appender named [FILE] to Logger[ROOT]
17:17:35,849 |-INFO in ch.qos.logback.classic.model.processor.LoggerModelHandler - Setting level of logger [com.DINESH.ServiceConnector] to DEBUG
17:17:35,849 |-INFO in ch.qos.logback.classic.jul.LevelChangePropagator@67e25252 - Propagating DEBUG level on Logger[com.DINESH.ServiceConnector] onto the JUL framework
17:17:35,849 |-INFO in ch.qos.logback.core.model.processor.DefaultProcessor@58f4b31a - End of configuration.
17:17:35,849 |-INFO in org.springframework.boot.logging.logback.SpringBootJoranConfigurator@21a9a705 - Registering current configuration as safe fallback point


  .   ____          _            __ _ _
 /\\ / ___'_ __ _ _(_)_ __  __ _ \ \ \ \
( ( )\___ | '_ | '_| | '_ \/ _` | \ \ \ \
 \\/  ___)| |_)| | | | | || (_| |  ) ) ) )
  '  |____| .__|_| |_|_| |_\__, | / / / /
 =========|_|==============|___/=/_/_/_/

2024-09-09 17:17:36.003 INFO  background-preinit o.h.validator.internal.util.Version : HV000001: Hibernate Validator 8.0.1.Final
 :: Spring Boot ::                (v3.3.2)

2024-09-09 17:17:36.263 INFO  main c.D.S.ServiceConnectorApplicationTests : Starting ServiceConnectorApplicationTests using Java 22.0.1 with PID 11520 (started by intern2 in C:\Users\intern2\Documents\DINESH-DEMO-WORKSHOP\Devlopment\MICROSERVICE\Service-Connector)
2024-09-09 17:17:36.283 DEBUG main c.D.S.ServiceConnectorApplicationTests : Running with Spring Boot v3.3.2, Spring v6.1.11
2024-09-09 17:17:36.285 INFO  main c.D.S.ServiceConnectorApplicationTests : The following 7 profiles are active: "common", "prod_eureka", "common_log", "prod_port", "common_serviceconnector", "prod_serviceconnector", "prod_commoncdn"
2024-09-09 17:17:36.354 INFO  main o.s.c.c.c.ConfigServerConfigDataLoader : Fetching config from server at : https://servicemaintainer-2dxj.onrender.com
2024-09-09 17:17:36.354 INFO  main o.s.c.c.c.ConfigServerConfigDataLoader : Located environment: name=application, profiles=[default], label=WhiteKite, version=3a86372eb46e096fd852ab8913f5bbd5fa98c4f3, state=null
2024-09-09 17:17:36.355 INFO  main o.s.c.c.c.ConfigServerConfigDataLoader : Fetching config from server at : https://servicemaintainer-2dxj.onrender.com
2024-09-09 17:17:36.355 INFO  main o.s.c.c.c.ConfigServerConfigDataLoader : Located environment: name=application, profiles=[common,prod_eureka,common_log,prod_port,common_serviceconnector,prod_serviceconnector,prod_commoncdn], label=WhiteKite, version=3a86372eb46e096fd852ab8913f5bbd5fa98c4f3, state=null
2024-09-09 17:17:39.698 INFO  main o.s.cloud.context.scope.GenericScope : BeanFactory id=f8eeb639-d63d-3cba-a230-cfeba74af0a6
2024-09-09 17:17:39.987 WARN  main o.s.c.s.PostProcessorRegistrationDelegate$BeanPostProcessorChecker : Bean 'org.springframework.cloud.client.loadbalancer.LoadBalancerAutoConfiguration$DeferringLoadBalancerInterceptorConfig' of type [org.springframework.cloud.client.loadbalancer.LoadBalancerAutoConfiguration$DeferringLoadBalancerInterceptorConfig] is not eligible for getting processed by all BeanPostProcessors (for example: not eligible for auto-proxying). The currently created BeanPostProcessor [lbRestClientPostProcessor] is declared through a non-static factory method on that class; consider declaring it as static instead.
2024-09-09 17:17:39.995 WARN  main o.s.c.s.PostProcessorRegistrationDelegate$BeanPostProcessorChecker : Bean 'deferringLoadBalancerInterceptor' of type [org.springframework.cloud.client.loadbalancer.DeferringLoadBalancerInterceptor] is not eligible for getting processed by all BeanPostProcessors (for example: not eligible for auto-proxying). Is this bean getting eagerly injected into a currently created BeanPostProcessor [lbRestClientPostProcessor]? Check the corresponding BeanPostProcessor declaration and its dependencies.
2024-09-09 17:17:39.999 WARN  main o.s.c.s.PostProcessorRegistrationDelegate$BeanPostProcessorChecker : Bean 'org.springframework.cloud.client.loadbalancer.reactive.LoadBalancerBeanPostProcessorAutoConfiguration' of type [org.springframework.cloud.client.loadbalancer.reactive.LoadBalancerBeanPostProcessorAutoConfiguration] is not eligible for getting processed by all BeanPostProcessors (for example: not eligible for auto-proxying). The currently created BeanPostProcessor [loadBalancerWebClientBuilderBeanPostProcessor] is declared through a non-static factory method on that class; consider declaring it as static instead.
2024-09-09 17:17:40.001 WARN  main o.s.c.s.PostProcessorRegistrationDelegate$BeanPostProcessorChecker : Bean 'org.springframework.cloud.client.loadbalancer.reactive.LoadBalancerBeanPostProcessorAutoConfiguration$ReactorDeferringLoadBalancerFilterConfig' of type [org.springframework.cloud.client.loadbalancer.reactive.LoadBalancerBeanPostProcessorAutoConfiguration$ReactorDeferringLoadBalancerFilterConfig] is not eligible for getting processed by all BeanPostProcessors (for example: not eligible for auto-proxying). Is this bean getting eagerly injected into a currently created BeanPostProcessor [loadBalancerWebClientBuilderBeanPostProcessor]? Check the corresponding BeanPostProcessor declaration and its dependencies.
2024-09-09 17:17:40.004 WARN  main o.s.c.s.PostProcessorRegistrationDelegate$BeanPostProcessorChecker : Bean 'reactorDeferringLoadBalancerExchangeFilterFunction' of type [org.springframework.cloud.client.loadbalancer.reactive.DeferringLoadBalancerExchangeFilterFunction] is not eligible for getting processed by all BeanPostProcessors (for example: not eligible for auto-proxying). Is this bean getting eagerly injected into a currently created BeanPostProcessor [loadBalancerWebClientBuilderBeanPostProcessor]? Check the corresponding BeanPostProcessor declaration and its dependencies.
2024-09-09 17:17:42.794 INFO  main o.s.c.g.r.RouteDefinitionRouteLocator : Loaded RoutePredicateFactory [After]
2024-09-09 17:17:42.795 INFO  main o.s.c.g.r.RouteDefinitionRouteLocator : Loaded RoutePredicateFactory [Before]
2024-09-09 17:17:42.795 INFO  main o.s.c.g.r.RouteDefinitionRouteLocator : Loaded RoutePredicateFactory [Between]
2024-09-09 17:17:42.795 INFO  main o.s.c.g.r.RouteDefinitionRouteLocator : Loaded RoutePredicateFactory [Cookie]
2024-09-09 17:17:42.795 INFO  main o.s.c.g.r.RouteDefinitionRouteLocator : Loaded RoutePredicateFactory [Header]
2024-09-09 17:17:42.796 INFO  main o.s.c.g.r.RouteDefinitionRouteLocator : Loaded RoutePredicateFactory [Host]
2024-09-09 17:17:42.796 INFO  main o.s.c.g.r.RouteDefinitionRouteLocator : Loaded RoutePredicateFactory [Method]
2024-09-09 17:17:42.796 INFO  main o.s.c.g.r.RouteDefinitionRouteLocator : Loaded RoutePredicateFactory [Path]
2024-09-09 17:17:42.796 INFO  main o.s.c.g.r.RouteDefinitionRouteLocator : Loaded RoutePredicateFactory [Query]
2024-09-09 17:17:42.796 INFO  main o.s.c.g.r.RouteDefinitionRouteLocator : Loaded RoutePredicateFactory [ReadBody]
2024-09-09 17:17:42.796 INFO  main o.s.c.g.r.RouteDefinitionRouteLocator : Loaded RoutePredicateFactory [RemoteAddr]
2024-09-09 17:17:42.796 INFO  main o.s.c.g.r.RouteDefinitionRouteLocator : Loaded RoutePredicateFactory [XForwardedRemoteAddr]
2024-09-09 17:17:42.796 INFO  main o.s.c.g.r.RouteDefinitionRouteLocator : Loaded RoutePredicateFactory [Weight]
2024-09-09 17:17:42.797 INFO  main o.s.c.g.r.RouteDefinitionRouteLocator : Loaded RoutePredicateFactory [CloudFoundryRouteService]
2024-09-09 17:17:43.733 INFO  main o.s.b.a.e.web.EndpointLinksResolver : Exposing 17 endpoints beneath base path '/actuator'
2024-09-09 17:17:44.398 INFO  main o.s.c.n.e.c.DiscoveryClientOptionalArgsConfiguration : Eureka HTTP Client uses RestTemplate.
2024-09-09 17:17:44.466 WARN  main o.s.c.l.c.LoadBalancerCacheAutoConfiguration$LoadBalancerCaffeineWarnLogger : Spring Cloud LoadBalancer is currently working with the default cache. While this cache implementation is useful for development and tests, it's recommended to use Caffeine cache in production.You can switch to using Caffeine cache, by adding it and org.springframework.cache.caffeine.CaffeineCacheManager to the classpath.
2024-09-09 17:17:44.582 INFO  main o.s.c.n.eureka.InstanceInfoFactory : Setting initial instance status as: STARTING
2024-09-09 17:17:44.651 INFO  main c.netflix.discovery.DiscoveryClient : Initializing Eureka in region us-east-1
2024-09-09 17:17:44.665 INFO  main c.n.d.s.r.aws.ConfigClusterResolver : Resolving eureka endpoints via configuration
2024-09-09 17:17:44.681 INFO  main c.netflix.discovery.DiscoveryClient : Disable delta property : false
2024-09-09 17:17:44.681 INFO  main c.netflix.discovery.DiscoveryClient : Single vip registry refresh property : null
2024-09-09 17:17:44.681 INFO  main c.netflix.discovery.DiscoveryClient : Force full registry fetch : false
2024-09-09 17:17:44.681 INFO  main c.netflix.discovery.DiscoveryClient : Application is null : false
2024-09-09 17:17:44.681 INFO  main c.netflix.discovery.DiscoveryClient : Registered Applications size is zero : true
2024-09-09 17:17:44.681 INFO  main c.netflix.discovery.DiscoveryClient : Application version is -1: true
2024-09-09 17:17:44.681 INFO  main c.netflix.discovery.DiscoveryClient : Getting all instance registry info from the eureka server
2024-09-09 17:17:45.435 INFO  main c.netflix.discovery.DiscoveryClient : The response status is 200
2024-09-09 17:17:45.438 INFO  main c.netflix.discovery.DiscoveryClient : Starting heartbeat executor: renew interval is: 30
2024-09-09 17:17:45.441 INFO  main c.n.discovery.InstanceInfoReplicator : InstanceInfoReplicator onDemand update allowed rate per min is 4
2024-09-09 17:17:45.444 INFO  main c.netflix.discovery.DiscoveryClient : Discovery Client initialized at timestamp 1725882465443 with initial instances count: 4
2024-09-09 17:17:45.448 INFO  main o.s.c.n.e.s.EurekaServiceRegistry : Registering application SERVICE-CONNECTOR with eureka with status UP
2024-09-09 17:17:45.450 INFO  main c.netflix.discovery.DiscoveryClient : Saw local status change event StatusChangeEvent [timestamp=1725882465449, current=UP, previous=STARTING]
2024-09-09 17:17:45.454 INFO  DiscoveryClient-InstanceInfoReplicator-%d c.netflix.discovery.DiscoveryClient : DiscoveryClient_SERVICE-CONNECTOR/host.docker.internal:service-connector:80: registering service...
2024-09-09 17:17:45.619 INFO  DiscoveryClient-InstanceInfoReplicator-%d c.netflix.discovery.DiscoveryClient : DiscoveryClient_SERVICE-CONNECTOR/host.docker.internal:service-connector:80 - registration status: 204
2024-09-09 17:17:45.883 INFO  main c.D.S.ServiceConnectorApplicationTests : Started ServiceConnectorApplicationTests in 13.875 seconds (process running for 16.33)
]]></system-out>
    <system-err><![CDATA[WARNING: A Java agent has been loaded dynamically (C:\Users\intern2\.m2\repository\net\bytebuddy\byte-buddy-agent\1.14.18\byte-buddy-agent-1.14.18.jar)
WARNING: If a serviceability tool is in use, please run with -XX:+EnableDynamicAgentLoading to hide this warning
WARNING: If a serviceability tool is not in use, please run with -Djdk.instrument.traceUsage for more information
WARNING: Dynamic loading of agents will be disallowed by default in a future release
]]></system-err>
  </testcase>
</testsuite>